bk1	bk08	Ad1	1	1	1	3	5
bk2	bk09	Ad2	1	2	4	4	10
bk3	bk03	Ad3	1	3	7	5	15
tungC2	km20	Q1	3	6	5	5	16
tungC2	km44	Q1	3	6	5	5	16
bk6	bk06	Ad6	1	6	2	8	16
bk15	bk16	nh1	3	6	5	5	16
p	bk58	hn1	3	6	5	5	16
p	bk68	hn1	3	6	5	5	16
tungC2	mt10	Q1	3	6	5	5	16
tungC2	mt38	Q1	3	6	5	5	16
tungB2	bc19	th1	3	6	5	5	16
tungB2	bc49	th1	3	6	5	5	16
bachC2	km17	K2	1	6	4	7	17
bachC2	km48	K2	1	6	4	7	17
minhC2	km12	ma1	3	7	5	5	17
minhC2	km41	ma1	3	7	5	5	17
trungC2	km13	h4	1	6	4	7	17
trungC2	km42	h4	1	6	4	7	17
bk5	bk07	Ad5	1	5	5	7	17
bk10	bk11	zh1	3	7	5	5	17
bk16	bk17	mh2	1	6	4	7	17
bk18	bk13	kh4	1	6	4	7	17
k	bk51	th1	1	7	5	5	17
q	bk59	th2	3	6	4	7	17
u	bk53	th4	1	6	4	7	17
k	bk61	th1	1	7	5	5	17
q	bk69	th2	3	6	4	7	17
u	bk64	th4	1	6	4	7	17
minhC2	mt01	ma1	3	7	5	5	17
bachC2	mt05	K2	1	6	4	7	17
trungC2	mt03	h4	1	6	4	7	17
minhC2	mt31	ma1	3	7	5	5	17
bachC2	mt40	K2	1	6	4	7	17
trungC2	mt33	h4	1	6	4	7	17
minhB2	bc11	th1	3	7	5	5	17
bachB2	bc18	th2	1	6	4	7	17
trungB2	bc12	th4	1	6	4	7	17
minhB2	bc42	th1	3	7	5	5	17
bachB2	bc48	th2	1	6	4	7	17
trungB2	bc44	th4	1	6	4	7	17
dangC2	km15	am2	1	7	4	7	18
dangC2	km43	am2	1	7	4	7	18
kienC2	km14	R3	2	6	7	5	18
kienC2	km45	R3	2	6	7	5	18
lanC2	km18	mp4	1	7	4	7	18
lanC2	km47	mp4	1	7	4	7	18
bk4	bk02	Ad4	1	4	8	6	18
bk11	bk14	xh2	1	7	4	7	18
bk13	bk20	vh4	1	7	4	7	18
bk17	bk18	lh3	2	6	7	5	18
l	bk55	th2	2	7	4	7	18
n	bk57	th4	1	7	4	7	18
t	bk54	hn3	2	6	7	5	18
l	bk63	th2	2	7	4	7	18
n	bk66	th4	1	7	4	7	18
t	bk65	hn3	2	6	7	5	18
dangC2	mt07	am2	1	7	4	7	18
lanC2	mt09	mp4	1	7	4	7	18
kienC2	mt04	R3	2	6	7	5	18
dangC2	mt39	am2	1	7	4	7	18
lanC2	mt36	mp4	1	7	4	7	18
kienC2	mt34	R3	2	6	7	5	18
dangB2	bc14	th2	1	7	4	7	18
lanB2	bc16	th4	1	7	4	7	18
kienB2	bc13	th3	2	6	7	5	18
dangB2	bc43	th2	1	7	4	7	18
lanB2	bc46	th4	1	7	4	7	18
kienB2	bc47	th3	2	6	7	5	18
chiC2	km16	pm3	2	7	7	5	19
chiC2	km46	pm3	2	7	7	5	19
bk7	bk05	Ad7	1	7	3	9	19
bk12	bk19	ch3	2	7	7	5	19
m	bk56	hn3	3	7	7	5	19
m	bk67	hn3	3	7	7	5	19
chiC2	mt08	pm3	2	7	7	5	19
chiC2	mt35	pm3	2	7	7	5	19
chiB2	bc15	th3	2	7	7	5	19
chiB2	bc45	th3	2	7	7	5	19
chienC3	km21	br5	2	8	7	5	20
chienC3	km51	br5	2	8	7	5	20
hungC2	km11	t5	2	6	9	5	20
hungC2	km50	t5	2	6	9	5	20
bk19	bk12	jh5	2	6	9	5	20
p	bk31	hn5	1	8	7	5	20
f	bk41	th5	3	8	7	5	20
v	bk52	hn5	2	6	9	5	20
v	bk62	hn5	2	6	9	5	20
f	bk74	th5	3	8	7	5	20
p	bk81	hn5	1	8	7	5	20
hungC2	mt02	t5	2	6	9	5	20
chienC3	mt23	br5	2	8	7	5	20
hungC2	mt32	t5	2	6	9	5	20
chienC3	mt54	br5	2	8	7	5	20
hungB2	bc20	th5	2	6	9	5	20
chienB3	bc30	th5	2	8	7	5	20
hungB2	bc41	th5	2	6	9	5	20
chienB3	bc51	th5	2	8	7	5	20
hoaC2	km19	q5	2	7	9	5	21
hoaC2	km49	q5	2	7	9	5	21
tienC3	km29	tq5	2	8	8	5	21
tienC3	km57	tq5	2	8	8	5	21
xuanC3	km25	us3	2	9	7	5	21
xuanC3	km55	us3	2	9	7	5	21
bk14	bk15	bh5	2	7	9	5	21
k	bk39	hn5	1	8	8	5	21
n	bk35	th3	1	9	7	5	21
a	bk47	th5	2	8	8	5	21
d	bk49	th3	2	9	7	5	21
o	bk60	th5	2	7	9	5	21
o	bk70	th5	2	7	9	5	21
a	bk76	th5	2	8	8	5	21
d	bk80	th3	2	9	7	5	21
k	bk90	hn5	1	8	8	5	21
n	bk88	th3	1	9	7	5	21
hoaC2	mt06	q5	2	7	9	5	21
tienC3	mt29	tq5	2	8	8	5	21
xuanC3	mt21	us3	2	9	7	5	21
hoaC2	mt37	q5	2	7	9	5	21
tienC3	mt59	tq5	2	8	8	5	21
xuanC3	mt56	us3	2	9	7	5	21
hoaB2	bc17	th5	2	7	9	5	21
tienB3	bc28	th5	2	8	8	5	21
xuanB3	bc25	th3	2	9	7	5	21
hoaB2	bc50	th5	2	7	9	5	21
tienB3	bc58	th5	2	8	8	5	21
xuanB3	bc53	th3	2	9	7	5	21
bienC1	km05	th2	1	9	4	9	22
bienC1	km39	th2	1	9	4	9	22
ducC1	km03	th4	1	9	4	9	22
ducC1	km32	th4	1	9	4	9	22
thienC3	km28	qn1	3	10	7	5	22
thienC3	km60	qn1	3	10	7	5	22
toanC1	km02	th2	1	9	4	9	22
toanC1	km37	th2	1	9	4	9	22
tuanC3	km27	bg3	2	9	8	5	22
tuanC3	km59	bg3	2	9	8	5	22
tuyenC1	km09	th4	1	9	4	9	22
tuyenC1	km34	th4	1	9	4	9	22
p	bk28	wh2	1	9	4	9	22
s	bk26	ah4	1	9	4	9	22
g	bk25	fh2	1	9	4	9	22
j	bk23	hh4	1	9	4	9	22
j	bk37	th3	2	9	8	5	22
l	bk38	hn1	1	10	7	5	22
y	bk44	hn3	1	9	8	5	22
b	bk42	th1	2	10	7	5	22
y	bk72	hn3	1	9	8	5	22
b	bk79	th1	2	10	7	5	22
j	bk86	th3	2	9	8	5	22
l	bk89	hn1	1	10	7	5	22
p	bk92	wh2	1	9	4	9	22
s	bk96	ah4	1	9	4	9	22
g	bk95	fh2	1	9	4	9	22
j	bk99	hh4	1	9	4	9	22
toanC1	mt17	th2	1	9	4	9	22
tuyenC1	mt16	th4	1	9	4	9	22
bienC1	mt15	th2	1	9	4	9	22
ducC1	mt14	th4	1	9	4	9	22
tuanC3	mt25	bg3	2	9	8	5	22
thienC3	mt28	qn1	3	10	7	5	22
toanC1	mt42	th2	1	9	4	9	22
tuyenC1	mt48	th4	1	9	4	9	22
bienC1	mt45	th2	1	9	4	9	22
ducC1	mt43	th4	1	9	4	9	22
thienC3	mt57	qn1	3	10	7	5	22
toanB1	bc5	th2	1	9	4	9	22
tuyenB1	bc7	th4	1	9	4	9	22
bienB1	bc8	th2	1	9	4	9	22
ducB1	bc3	th4	1	9	4	9	22
tuanB3	bc24	th3	2	9	8	5	22
thienB3	bc27	th1	3	10	7	5	22
toanB1	bc32	th2	1	9	4	9	22
tuyenB1	bc39	th4	1	9	4	9	22
bienB1	bc35	th2	1	9	4	9	22
ducB1	bc33	th4	1	9	4	9	22
tuanB3	bc60	th3	2	9	8	5	22
thienB3	bc57	th1	3	10	7	5	22
hoangC3	km26	cn2	1	9	7	7	23
hoangC3	km56	cn2	1	9	7	7	23
quyetC3	km22	th1	3	10	8	5	23
quyetC3	km52	th1	3	10	8	5	23
vinhC3	km24	uk4	1	9	7	7	23
vinhC3	km53	uk4	1	9	7	7	23
g	bk32	th1	1	10	8	5	23
m	bk36	th2	1	9	7	7	23
o	bk34	th4	2	9	7	7	23
w	bk46	th1	1	10	8	5	23
c	bk48	hn2	2	9	7	7	23
e	bk50	hn4	3	9	7	7	23
w	bk71	th1	1	10	8	5	23
c	bk78	hn2	2	9	7	7	23
e	bk75	hn4	3	9	7	7	23
g	bk84	th1	1	10	8	5	23
m	bk83	th2	1	9	7	7	23
o	bk87	th4	2	9	7	7	23
quyetC3	mt22	th1	3	10	8	5	23
hoangC3	mt30	cn2	1	9	7	7	23
vinhC3	mt24	uk4	1	9	7	7	23
quyetC3	mt58	th1	3	10	8	5	23
tuanC3	mt51	bg3	2	10	8	5	23
hoangC3	mt53	cn2	1	9	7	7	23
vinhC3	mt55	uk4	1	9	7	7	23
quyetB3	bc21	th1	3	10	8	5	23
hoangB3	bc26	th2	1	9	7	7	23
vinhB3	bc22	th4	1	9	7	7	23
quyetB3	bc54	th1	3	10	8	5	23
hoangB3	bc56	th2	1	9	7	7	23
vinhB3	bc52	th4	1	9	7	7	23
chungC1	km04	th1	3	10	5	9	24
chungC1	km38	th1	3	10	5	9	24
daiC1	km10	th1	3	10	5	9	24
daiC1	km31	th1	3	10	5	9	24
toiC3	km23	hn2	1	9	8	7	24
toiC3	km54	hn2	1	9	8	7	24
tungC3	km30	na4	1	9	8	7	24
tungC3	km58	na4	1	9	8	7	24
bk8	bk04	Ad8	1	8	6	10	24
o	bk21	eh1	3	10	5	9	24
f	bk30	dh1	3	10	5	9	24
h	bk33	hn2	2	9	8	7	24
i	bk40	th4	1	9	8	7	24
x	bk45	th2	1	9	8	7	24
z	bk43	hn4	1	9	8	7	24
x	bk73	th2	1	9	8	7	24
z	bk77	hn4	1	9	8	7	24
h	bk85	hn2	2	9	8	7	24
i	bk82	th4	1	9	8	7	24
f	bk94	dh1	3	10	5	9	24
daiC1	mt11	th1	3	10	5	9	24
chungC1	mt20	th1	3	10	5	9	24
toiC3	mt27	hn2	1	9	8	7	24
tungC3	mt26	na4	1	9	8	7	24
daiC1	mt50	th1	3	10	5	9	24
chungC1	mt46	th1	3	10	5	9	24
toiC3	mt52	hn2	1	9	8	7	24
tungC3	mt60	na4	2	9	8	7	24
daiB1	bc1	th1	3	10	5	9	24
chungB1	bc9	th1	3	10	5	9	24
toiB3	bc23	th2	1	9	8	7	24
tungB3	bc29	th4	1	9	8	7	24
daiB1	bc31	th1	3	10	5	9	24
chungB1	bc37	th1	3	10	5	9	24
toiB3	bc55	th2	1	9	8	7	24
tungB3	bc59	th4	1	9	8	7	24
hai	vt01	hanoi	1	7	8	9.5	24.5
vinh	vt02	hanam	2	9	9	6.5	24.5
haiC1	km07	th3	2	9	7	9	25
haiC1	km35	th3	2	9	7	9	25
tuanC1	km08	th3	2	9	7	9	25
tuanC1	km33	th3	2	9	7	9	25
a	bk27	qh3	2	9	7	9	25
h	bk24	gh3	2	9	7	9	25
a	bk98	qh3	2	9	7	9	25
h	bk93	gh3	2	9	7	9	25
haiC1	mt18	th3	2	9	7	9	25
tuanC1	mt12	th3	2	9	7	9	25
haiC1	mt49	th3	2	9	7	9	25
tuanC1	mt44	th3	2	9	7	9	25
haiB1	bc6	th3	2	9	7	9	25
tuanB1	bc4	th3	2	9	7	9	25
haiB1	bc36	th3	2	9	7	9	25
tuanB1	bc34	th3	2	9	7	9	25
dungC1	km01	th5	2	8	9	9	26
dungC1	km40	th5	2	8	9	9	26
vinhC1	km06	th5	2	8	9	9	26
vinhC1	km36	th5	2	8	9	9	26
d	bk29	sh5	2	8	9	9	26
k	bk22	jh5	2	8	9	9	26
d	bk97	sh5	2	8	9	9	26
k	bk91	jh5	2	8	9	9	26
vinhC1	mt19	th5	2	8	9	9	26
dungC1	mt13	th5	2	8	9	9	26
vinhC1	mt47	th5	2	8	9	9	26
dungC1	mt41	th5	2	8	9	9	26
vinhB1	bc10	th5	2	8	9	9	26
dungB1	bc2	th5	2	8	9	9	26
vinhB1	bc38	th5	2	8	9	9	26
dungB1	bc40	th5	2	8	9	9	26
bk9	bk01	Ad9	1	9	8.5	9.5	27
bk10	bk10	Ad10	1	10	8.5	9.5	28
